<?xml version="1.0" encoding="UTF-8"?>
<!-- Generated by org.testng.reporters.JUnitReportReporter -->
<testsuite skipped="0" hostname="hcl-PC" name="com.qa.testCases.TestScripts_001" tests="1" failures="0" timestamp="07 May 2018 14:08:04 GMT" time="48.821" errors="0">
  <testcase name="setUp" time="48.821" classname="com.qa.testCases.TestScripts_001"/>
</testsuite> <!-- com.qa.testCases.TestScripts_001 -->
